2/6/2024 11:19:10 AM	This log contains information about the import schema operation into project 'Database' on computer 'LAC' by user 'LAC'.
2/6/2024 11:19:10 AM	Import of database schema has started.
2/6/2024 11:19:16 AM	Gathering database credentials
2/6/2024 11:19:16 AM	Gathering database options
2/6/2024 11:19:16 AM	Gathering generic database scoped configuration option
2/6/2024 11:19:16 AM	Gathering users
2/6/2024 11:19:16 AM	Gathering roles
2/6/2024 11:19:16 AM	Gathering application roles
2/6/2024 11:19:16 AM	Gathering role memberships
2/6/2024 11:19:16 AM	Gathering filegroups
2/6/2024 11:19:16 AM	Gathering full-text catalogs
2/6/2024 11:19:16 AM	Gathering assemblies
2/6/2024 11:19:16 AM	Gathering certificates
2/6/2024 11:19:16 AM	Gathering asymmetric keys
2/6/2024 11:19:16 AM	Gathering symmetric keys
2/6/2024 11:19:16 AM	Gathering encrypted symmetric keys
2/6/2024 11:19:16 AM	Gathering schemas
2/6/2024 11:19:16 AM	Gathering XML schema collections
2/6/2024 11:19:16 AM	Gathering user-defined data types
2/6/2024 11:19:16 AM	Gathering user-defined types
2/6/2024 11:19:16 AM	Gathering table types
2/6/2024 11:19:16 AM	Gathering unique keys for table types
2/6/2024 11:19:16 AM	Gathering primary keys for table types
2/6/2024 11:19:16 AM	Gathering indexes for table types
2/6/2024 11:19:16 AM	Gathering check constraints for table types
2/6/2024 11:19:16 AM	Gathering default constraints for table types
2/6/2024 11:19:16 AM	Gathering partition functions
2/6/2024 11:19:16 AM	Gathering partition schemes
2/6/2024 11:19:16 AM	Gathering functions
2/6/2024 11:19:16 AM	Gathering encrypted functions
2/6/2024 11:19:16 AM	Gathering aggregates
2/6/2024 11:19:16 AM	Gathering procedures
2/6/2024 11:19:16 AM	Gathering encrypted procedures
2/6/2024 11:19:16 AM	Gathering tables
2/6/2024 11:19:17 AM	Gathering primary keys
2/6/2024 11:19:17 AM	Gathering unique constraints
2/6/2024 11:19:17 AM	Gathering foreign keys
2/6/2024 11:19:17 AM	Gathering default constraints
2/6/2024 11:19:17 AM	Gathering check constraints
2/6/2024 11:19:17 AM	Gathering views
2/6/2024 11:19:17 AM	Gathering encrypted views
2/6/2024 11:19:17 AM	Gathering indexes
2/6/2024 11:19:17 AM	Gathering statistics
2/6/2024 11:19:17 AM	Gathering full-text index stoplists
2/6/2024 11:19:17 AM	Gathering search property lists
2/6/2024 11:19:17 AM	Gathering search properties
2/6/2024 11:19:17 AM	Gathering full-text indexes
2/6/2024 11:19:17 AM	Gathering column store indexes
2/6/2024 11:19:17 AM	Gathering spatial indexes
2/6/2024 11:19:17 AM	Gathering XML indexes
2/6/2024 11:19:17 AM	Gathering Selective XML indexes
2/6/2024 11:19:17 AM	Gathering encrypted triggers
2/6/2024 11:19:17 AM	Gathering triggers
2/6/2024 11:19:17 AM	Gathering encrypted and clr ddl triggers
2/6/2024 11:19:17 AM	Gathering ddl triggers
2/6/2024 11:19:17 AM	Creating edge constraints
2/6/2024 11:19:17 AM	Gathering synonyms
2/6/2024 11:19:17 AM	Gathering defaults
2/6/2024 11:19:17 AM	Gathering data constraint uddt bindings
2/6/2024 11:19:17 AM	Gathering rules
2/6/2024 11:19:17 AM	Gathering data constraint uddt bindings
2/6/2024 11:19:17 AM	Gathering message types
2/6/2024 11:19:17 AM	Gathering queues
2/6/2024 11:19:17 AM	Gathering contracts
2/6/2024 11:19:17 AM	Gathering services
2/6/2024 11:19:17 AM	Gathering event notifications
2/6/2024 11:19:17 AM	Gathering remote service bindings
2/6/2024 11:19:17 AM	Gathering broker priorities
2/6/2024 11:19:17 AM	Gathering signatures
2/6/2024 11:19:17 AM	Gathering compression options
2/6/2024 11:19:17 AM	Gathering sequence types
2/6/2024 11:19:17 AM	Gathering security policies
2/6/2024 11:19:17 AM	Gather column encryption keys
2/6/2024 11:19:17 AM	Gathering column master keys
2/6/2024 11:19:17 AM	Gathering external data sources
2/6/2024 11:19:17 AM	Gathering external file formats
2/6/2024 11:19:17 AM	Gathering external tables
2/6/2024 11:19:17 AM	Gathering XML index compression options
2/6/2024 11:19:17 AM	Gathering extended properties
2/6/2024 11:19:17 AM	Gathering assemblies
2/6/2024 11:19:17 AM	Gathering credentials
2/6/2024 11:19:17 AM	Gathering logins
2/6/2024 11:19:17 AM	Gathering server audits
2/6/2024 11:19:17 AM	Scanning project for duplicate elements
2/6/2024 11:19:19 AM	Finished duplicate element processing
2/6/2024 11:19:20 AM	Finished importing database.
2/6/2024 11:19:20 AM	A summary of the import was saved to the following location: C:\Users\LAC\source\C#\FaqMvc11142023\Database\Import Schema Logs\Database_20240206061910.log
2/6/2024 11:19:20 AM	Click Finish to continue...
